2018-10-17 14:29:39.418  INFO 2576 --- [main] c.test.springboot.SpringbootApplication  : Starting SpringbootApplication on DESKTOP-6PU6PJJ with PID 2576 (E:\OneDrive\WorkSpace\IdeaProjects\springboot\target\classes started by liang in E:\OneDrive\WorkSpace\IdeaProjects\springboot)
2018-10-17 14:29:39.423  INFO 2576 --- [main] c.test.springboot.SpringbootApplication  : No active profile set, falling back to default profiles: default
2018-10-17 14:29:39.482  INFO 2576 --- [main] ConfigServletWebServerApplicationContext : Refreshing org.springframework.boot.web.servlet.context.AnnotationConfigServletWebServerApplicationContext@517566b: startup date [Wed Oct 17 14:29:39 CST 2018]; root of context hierarchy
2018-10-17 14:29:40.567  INFO 2576 --- [main] o.s.b.w.embedded.tomcat.TomcatWebServer  : Tomcat initialized with port(s): 8081 (http)
2018-10-17 14:29:40.587  INFO 2576 --- [main] o.apache.catalina.core.StandardService   : Starting service [Tomcat]
2018-10-17 14:29:40.588  INFO 2576 --- [main] org.apache.catalina.core.StandardEngine  : Starting Servlet Engine: Apache Tomcat/8.5.34
2018-10-17 14:29:40.592  INFO 2576 --- [localhost-startStop-1] o.a.catalina.core.AprLifecycleListener   : The APR based Apache Tomcat Native library which allows optimal performance in production environments was not found on the java.library.path: [C:\Program Files\Java\jdk1.8.0_172\bin;C:\WINDOWS\Sun\Java\bin;C:\WINDOWS\system32;C:\WINDOWS;C:\Program Files (x86)\Common Files\Intel\Shared Libraries\redist\intel64\compiler;C:\Program Files (x86)\Windows Resource Kits\Tools\;C:\Program Files (x86)\Common Files\Oracle\Java\javapath;C:\WINDOWS\system32;C:\WINDOWS;C:\WINDOWS\System32\Wbem;C:\WINDOWS\System32\WindowsPowerShell\v1.0\;C:\WINDOWS\System32\OpenSSH\;apache-tomcat-8.5.31\lib;apache-tomcat-8.5.31\bin;D:\Program Files\apache-maven-3.5.3\bin;D:\Program Files\mysql-8.0.11-winx64\bin;C:\Program Files\Java\jdk1.8.0_172\bin;C:\Program Files\Git\cmd;C:\Program Files\7-Zip;C:\Program Files\IDM Computer Solutions\UltraEdit;D:\Program Files\Microsoft VS Code\bin;C:\Program Files\Redis\;C:\Users\liang\AppData\Local\Programs\Python\Python36\Scripts\;C:\Users\liang\AppData\Local\Programs\Python\Python36\;C:\Users\liang\AppData\Local\Microsoft\WindowsApps;;C:\Users\liang\AppData\Local\Programs\Fiddler;.]
2018-10-17 14:29:40.685  INFO 2576 --- [localhost-startStop-1] o.a.c.c.C.[Tomcat].[localhost].[/]       : Initializing Spring embedded WebApplicationContext
2018-10-17 14:29:40.686  INFO 2576 --- [localhost-startStop-1] o.s.web.context.ContextLoader            : Root WebApplicationContext: initialization completed in 1204 ms
2018-10-17 14:29:40.748  INFO 2576 --- [localhost-startStop-1] o.s.b.w.servlet.ServletRegistrationBean  : Servlet dispatcherServlet mapped to [/]
2018-10-17 14:29:40.752  INFO 2576 --- [localhost-startStop-1] o.s.b.w.servlet.FilterRegistrationBean   : Mapping filter: 'characterEncodingFilter' to: [/*]
2018-10-17 14:29:40.753  INFO 2576 --- [localhost-startStop-1] o.s.b.w.servlet.FilterRegistrationBean   : Mapping filter: 'hiddenHttpMethodFilter' to: [/*]
2018-10-17 14:29:40.754  INFO 2576 --- [localhost-startStop-1] o.s.b.w.servlet.FilterRegistrationBean   : Mapping filter: 'httpPutFormContentFilter' to: [/*]
2018-10-17 14:29:40.754  INFO 2576 --- [localhost-startStop-1] o.s.b.w.servlet.FilterRegistrationBean   : Mapping filter: 'requestContextFilter' to: [/*]
2018-10-17 14:29:40.897  INFO 2576 --- [main] o.s.w.s.handler.SimpleUrlHandlerMapping  : Mapped URL path [/**/favicon.ico] onto handler of type [class org.springframework.web.servlet.resource.ResourceHttpRequestHandler]
2018-10-17 14:29:41.073  INFO 2576 --- [main] s.w.s.m.m.a.RequestMappingHandlerAdapter : Looking for @ControllerAdvice: org.springframework.boot.web.servlet.context.AnnotationConfigServletWebServerApplicationContext@517566b: startup date [Wed Oct 17 14:29:39 CST 2018]; root of context hierarchy
2018-10-17 14:29:41.129  INFO 2576 --- [main] s.w.s.m.m.a.RequestMappingHandlerMapping : Mapped "{[/index]}" onto public java.lang.String com.test.springboot.controller.IndexController.index(javax.servlet.http.HttpServletRequest,javax.servlet.http.HttpServletResponse)
2018-10-17 14:29:41.131  INFO 2576 --- [main] s.w.s.m.m.a.RequestMappingHandlerMapping : Mapped "{[/error]}" onto public org.springframework.http.ResponseEntity<java.util.Map<java.lang.String, java.lang.Object>> org.springframework.boot.autoconfigure.web.servlet.error.BasicErrorController.error(javax.servlet.http.HttpServletRequest)
2018-10-17 14:29:41.132  INFO 2576 --- [main] s.w.s.m.m.a.RequestMappingHandlerMapping : Mapped "{[/error],produces=[text/html]}" onto public org.springframework.web.servlet.ModelAndView org.springframework.boot.autoconfigure.web.servlet.error.BasicErrorController.errorHtml(javax.servlet.http.HttpServletRequest,javax.servlet.http.HttpServletResponse)
2018-10-17 14:29:41.155  INFO 2576 --- [main] o.s.w.s.handler.SimpleUrlHandlerMapping  : Mapped URL path [/webjars/**] onto handler of type [class org.springframework.web.servlet.resource.ResourceHttpRequestHandler]
2018-10-17 14:29:41.156  INFO 2576 --- [main] o.s.w.s.handler.SimpleUrlHandlerMapping  : Mapped URL path [/**] onto handler of type [class org.springframework.web.servlet.resource.ResourceHttpRequestHandler]
2018-10-17 14:29:41.252  INFO 2576 --- [main] o.s.b.a.w.s.WelcomePageHandlerMapping    : Adding welcome page: ServletContext resource [/index.html]
2018-10-17 14:29:41.356  INFO 2576 --- [main] o.s.j.e.a.AnnotationMBeanExporter        : Registering beans for JMX exposure on startup
2018-10-17 14:29:41.396  INFO 2576 --- [main] o.s.b.w.embedded.tomcat.TomcatWebServer  : Tomcat started on port(s): 8081 (http) with context path ''
2018-10-17 14:29:41.403  INFO 2576 --- [main] c.test.springboot.SpringbootApplication  : Started SpringbootApplication in 2.5 seconds (JVM running for 3.342)
2018-10-17 14:29:49.054  INFO 2576 --- [http-nio-8081-exec-1] o.a.c.c.C.[Tomcat].[localhost].[/]       : Initializing Spring FrameworkServlet 'dispatcherServlet'
2018-10-17 14:29:49.054  INFO 2576 --- [http-nio-8081-exec-1] o.s.web.servlet.DispatcherServlet        : FrameworkServlet 'dispatcherServlet': initialization started
2018-10-17 14:29:49.073  INFO 2576 --- [http-nio-8081-exec-1] o.s.web.servlet.DispatcherServlet        : FrameworkServlet 'dispatcherServlet': initialization completed in 19 ms
2018-10-17 14:30:08.265  INFO 29328 --- [main] c.test.springboot.SpringbootApplication  : Starting SpringbootApplication on DESKTOP-6PU6PJJ with PID 29328 (E:\OneDrive\WorkSpace\IdeaProjects\springboot\target\classes started by liang in E:\OneDrive\WorkSpace\IdeaProjects\springboot)
2018-10-17 14:30:08.269  INFO 29328 --- [main] c.test.springboot.SpringbootApplication  : No active profile set, falling back to default profiles: default
2018-10-17 14:30:08.333  INFO 29328 --- [main] ConfigServletWebServerApplicationContext : Refreshing org.springframework.boot.web.servlet.context.AnnotationConfigServletWebServerApplicationContext@3f9342d4: startup date [Wed Oct 17 14:30:08 CST 2018]; root of context hierarchy
2018-10-17 14:30:09.471  INFO 29328 --- [main] o.s.b.w.embedded.tomcat.TomcatWebServer  : Tomcat initialized with port(s): 8081 (http)
2018-10-17 14:30:09.491  INFO 29328 --- [main] o.apache.catalina.core.StandardService   : Starting service [Tomcat]
2018-10-17 14:30:09.491  INFO 29328 --- [main] org.apache.catalina.core.StandardEngine  : Starting Servlet Engine: Apache Tomcat/8.5.34
2018-10-17 14:30:09.496  INFO 29328 --- [localhost-startStop-1] o.a.catalina.core.AprLifecycleListener   : The APR based Apache Tomcat Native library which allows optimal performance in production environments was not found on the java.library.path: [C:\Program Files\Java\jdk1.8.0_172\bin;C:\WINDOWS\Sun\Java\bin;C:\WINDOWS\system32;C:\WINDOWS;C:\Program Files (x86)\Common Files\Intel\Shared Libraries\redist\intel64\compiler;C:\Program Files (x86)\Windows Resource Kits\Tools\;C:\Program Files (x86)\Common Files\Oracle\Java\javapath;C:\WINDOWS\system32;C:\WINDOWS;C:\WINDOWS\System32\Wbem;C:\WINDOWS\System32\WindowsPowerShell\v1.0\;C:\WINDOWS\System32\OpenSSH\;apache-tomcat-8.5.31\lib;apache-tomcat-8.5.31\bin;D:\Program Files\apache-maven-3.5.3\bin;D:\Program Files\mysql-8.0.11-winx64\bin;C:\Program Files\Java\jdk1.8.0_172\bin;C:\Program Files\Git\cmd;C:\Program Files\7-Zip;C:\Program Files\IDM Computer Solutions\UltraEdit;D:\Program Files\Microsoft VS Code\bin;C:\Program Files\Redis\;C:\Users\liang\AppData\Local\Programs\Python\Python36\Scripts\;C:\Users\liang\AppData\Local\Programs\Python\Python36\;C:\Users\liang\AppData\Local\Microsoft\WindowsApps;;C:\Users\liang\AppData\Local\Programs\Fiddler;.]
2018-10-17 14:30:09.590  INFO 29328 --- [localhost-startStop-1] o.a.c.c.C.[Tomcat].[localhost].[/]       : Initializing Spring embedded WebApplicationContext
2018-10-17 14:30:09.590  INFO 29328 --- [localhost-startStop-1] o.s.web.context.ContextLoader            : Root WebApplicationContext: initialization completed in 1257 ms
2018-10-17 14:30:09.652  INFO 29328 --- [localhost-startStop-1] o.s.b.w.servlet.ServletRegistrationBean  : Servlet dispatcherServlet mapped to [/]
2018-10-17 14:30:09.656  INFO 29328 --- [localhost-startStop-1] o.s.b.w.servlet.FilterRegistrationBean   : Mapping filter: 'characterEncodingFilter' to: [/*]
2018-10-17 14:30:09.656  INFO 29328 --- [localhost-startStop-1] o.s.b.w.servlet.FilterRegistrationBean   : Mapping filter: 'hiddenHttpMethodFilter' to: [/*]
2018-10-17 14:30:09.657  INFO 29328 --- [localhost-startStop-1] o.s.b.w.servlet.FilterRegistrationBean   : Mapping filter: 'httpPutFormContentFilter' to: [/*]
2018-10-17 14:30:09.657  INFO 29328 --- [localhost-startStop-1] o.s.b.w.servlet.FilterRegistrationBean   : Mapping filter: 'requestContextFilter' to: [/*]
2018-10-17 14:30:09.795  INFO 29328 --- [main] o.s.w.s.handler.SimpleUrlHandlerMapping  : Mapped URL path [/**/favicon.ico] onto handler of type [class org.springframework.web.servlet.resource.ResourceHttpRequestHandler]
2018-10-17 14:30:09.955  INFO 29328 --- [main] s.w.s.m.m.a.RequestMappingHandlerAdapter : Looking for @ControllerAdvice: org.springframework.boot.web.servlet.context.AnnotationConfigServletWebServerApplicationContext@3f9342d4: startup date [Wed Oct 17 14:30:08 CST 2018]; root of context hierarchy
2018-10-17 14:30:10.017  INFO 29328 --- [main] s.w.s.m.m.a.RequestMappingHandlerMapping : Mapped "{[/index]}" onto public java.lang.String com.test.springboot.controller.IndexController.index(javax.servlet.http.HttpServletRequest,javax.servlet.http.HttpServletResponse)
2018-10-17 14:30:10.020  INFO 29328 --- [main] s.w.s.m.m.a.RequestMappingHandlerMapping : Mapped "{[/error]}" onto public org.springframework.http.ResponseEntity<java.util.Map<java.lang.String, java.lang.Object>> org.springframework.boot.autoconfigure.web.servlet.error.BasicErrorController.error(javax.servlet.http.HttpServletRequest)
2018-10-17 14:30:10.021  INFO 29328 --- [main] s.w.s.m.m.a.RequestMappingHandlerMapping : Mapped "{[/error],produces=[text/html]}" onto public org.springframework.web.servlet.ModelAndView org.springframework.boot.autoconfigure.web.servlet.error.BasicErrorController.errorHtml(javax.servlet.http.HttpServletRequest,javax.servlet.http.HttpServletResponse)
2018-10-17 14:30:10.048  INFO 29328 --- [main] o.s.w.s.handler.SimpleUrlHandlerMapping  : Mapped URL path [/webjars/**] onto handler of type [class org.springframework.web.servlet.resource.ResourceHttpRequestHandler]
2018-10-17 14:30:10.049  INFO 29328 --- [main] o.s.w.s.handler.SimpleUrlHandlerMapping  : Mapped URL path [/**] onto handler of type [class org.springframework.web.servlet.resource.ResourceHttpRequestHandler]
2018-10-17 14:30:10.151  INFO 29328 --- [main] o.s.b.a.w.s.WelcomePageHandlerMapping    : Adding welcome page: ServletContext resource [/index.html]
2018-10-17 14:30:10.259  INFO 29328 --- [main] o.s.j.e.a.AnnotationMBeanExporter        : Registering beans for JMX exposure on startup
2018-10-17 14:30:10.303  INFO 29328 --- [main] o.s.b.w.embedded.tomcat.TomcatWebServer  : Tomcat started on port(s): 8081 (http) with context path ''
2018-10-17 14:30:10.308  INFO 29328 --- [main] c.test.springboot.SpringbootApplication  : Started SpringbootApplication in 2.567 seconds (JVM running for 3.421)
2018-10-17 14:30:11.455  INFO 29328 --- [http-nio-8081-exec-1] o.a.c.c.C.[Tomcat].[localhost].[/]       : Initializing Spring FrameworkServlet 'dispatcherServlet'
2018-10-17 14:30:11.455  INFO 29328 --- [http-nio-8081-exec-1] o.s.web.servlet.DispatcherServlet        : FrameworkServlet 'dispatcherServlet': initialization started
2018-10-17 14:30:11.473  INFO 29328 --- [http-nio-8081-exec-1] o.s.web.servlet.DispatcherServlet        : FrameworkServlet 'dispatcherServlet': initialization completed in 18 ms
2018-10-17 14:36:11.611  INFO 8080 --- [main] c.test.springboot.SpringbootApplication  : Starting SpringbootApplication on DESKTOP-6PU6PJJ with PID 8080 (E:\OneDrive\WorkSpace\IdeaProjects\springboot\target\classes started by liang in E:\OneDrive\WorkSpace\IdeaProjects\springboot)
2018-10-17 14:36:11.614  INFO 8080 --- [main] c.test.springboot.SpringbootApplication  : No active profile set, falling back to default profiles: default
2018-10-17 14:36:11.693  INFO 8080 --- [main] ConfigServletWebServerApplicationContext : Refreshing org.springframework.boot.web.servlet.context.AnnotationConfigServletWebServerApplicationContext@6127a7e: startup date [Wed Oct 17 14:36:11 CST 2018]; root of context hierarchy
2018-10-17 14:36:13.029  INFO 8080 --- [main] o.s.b.w.embedded.tomcat.TomcatWebServer  : Tomcat initialized with port(s): 8081 (http)
2018-10-17 14:36:13.051  INFO 8080 --- [main] o.apache.catalina.core.StandardService   : Starting service [Tomcat]
2018-10-17 14:36:13.051  INFO 8080 --- [main] org.apache.catalina.core.StandardEngine  : Starting Servlet Engine: Apache Tomcat/8.5.34
2018-10-17 14:36:13.056  INFO 8080 --- [localhost-startStop-1] o.a.catalina.core.AprLifecycleListener   : The APR based Apache Tomcat Native library which allows optimal performance in production environments was not found on the java.library.path: [C:\Program Files\Java\jdk1.8.0_172\bin;C:\WINDOWS\Sun\Java\bin;C:\WINDOWS\system32;C:\WINDOWS;C:\Program Files (x86)\Common Files\Intel\Shared Libraries\redist\intel64\compiler;C:\Program Files (x86)\Windows Resource Kits\Tools\;C:\Program Files (x86)\Common Files\Oracle\Java\javapath;C:\WINDOWS\system32;C:\WINDOWS;C:\WINDOWS\System32\Wbem;C:\WINDOWS\System32\WindowsPowerShell\v1.0\;C:\WINDOWS\System32\OpenSSH\;apache-tomcat-8.5.31\lib;apache-tomcat-8.5.31\bin;D:\Program Files\apache-maven-3.5.3\bin;D:\Program Files\mysql-8.0.11-winx64\bin;C:\Program Files\Java\jdk1.8.0_172\bin;C:\Program Files\Git\cmd;C:\Program Files\7-Zip;C:\Program Files\IDM Computer Solutions\UltraEdit;D:\Program Files\Microsoft VS Code\bin;C:\Program Files\Redis\;C:\Users\liang\AppData\Local\Programs\Python\Python36\Scripts\;C:\Users\liang\AppData\Local\Programs\Python\Python36\;C:\Users\liang\AppData\Local\Microsoft\WindowsApps;;C:\Users\liang\AppData\Local\Programs\Fiddler;.]
2018-10-17 14:36:13.146  INFO 8080 --- [localhost-startStop-1] o.a.c.c.C.[Tomcat].[localhost].[/]       : Initializing Spring embedded WebApplicationContext
2018-10-17 14:36:13.146  INFO 8080 --- [localhost-startStop-1] o.s.web.context.ContextLoader            : Root WebApplicationContext: initialization completed in 1453 ms
2018-10-17 14:36:13.211  INFO 8080 --- [localhost-startStop-1] o.s.b.w.servlet.ServletRegistrationBean  : Servlet dispatcherServlet mapped to [/]
2018-10-17 14:36:13.215  INFO 8080 --- [localhost-startStop-1] o.s.b.w.servlet.FilterRegistrationBean   : Mapping filter: 'characterEncodingFilter' to: [/*]
2018-10-17 14:36:13.215  INFO 8080 --- [localhost-startStop-1] o.s.b.w.servlet.FilterRegistrationBean   : Mapping filter: 'hiddenHttpMethodFilter' to: [/*]
2018-10-17 14:36:13.216  INFO 8080 --- [localhost-startStop-1] o.s.b.w.servlet.FilterRegistrationBean   : Mapping filter: 'httpPutFormContentFilter' to: [/*]
2018-10-17 14:36:13.216  INFO 8080 --- [localhost-startStop-1] o.s.b.w.servlet.FilterRegistrationBean   : Mapping filter: 'requestContextFilter' to: [/*]
2018-10-17 14:36:13.349  INFO 8080 --- [main] o.s.w.s.handler.SimpleUrlHandlerMapping  : Mapped URL path [/**/favicon.ico] onto handler of type [class org.springframework.web.servlet.resource.ResourceHttpRequestHandler]
2018-10-17 14:36:13.535  INFO 8080 --- [main] s.w.s.m.m.a.RequestMappingHandlerAdapter : Looking for @ControllerAdvice: org.springframework.boot.web.servlet.context.AnnotationConfigServletWebServerApplicationContext@6127a7e: startup date [Wed Oct 17 14:36:11 CST 2018]; root of context hierarchy
2018-10-17 14:36:13.591  INFO 8080 --- [main] s.w.s.m.m.a.RequestMappingHandlerMapping : Mapped "{[/index]}" onto public java.lang.String com.test.springboot.controller.IndexController.index(javax.servlet.http.HttpServletRequest,javax.servlet.http.HttpServletResponse)
2018-10-17 14:36:13.595  INFO 8080 --- [main] s.w.s.m.m.a.RequestMappingHandlerMapping : Mapped "{[/error]}" onto public org.springframework.http.ResponseEntity<java.util.Map<java.lang.String, java.lang.Object>> org.springframework.boot.autoconfigure.web.servlet.error.BasicErrorController.error(javax.servlet.http.HttpServletRequest)
2018-10-17 14:36:13.596  INFO 8080 --- [main] s.w.s.m.m.a.RequestMappingHandlerMapping : Mapped "{[/error],produces=[text/html]}" onto public org.springframework.web.servlet.ModelAndView org.springframework.boot.autoconfigure.web.servlet.error.BasicErrorController.errorHtml(javax.servlet.http.HttpServletRequest,javax.servlet.http.HttpServletResponse)
2018-10-17 14:36:13.622  INFO 8080 --- [main] o.s.w.s.handler.SimpleUrlHandlerMapping  : Mapped URL path [/webjars/**] onto handler of type [class org.springframework.web.servlet.resource.ResourceHttpRequestHandler]
2018-10-17 14:36:13.622  INFO 8080 --- [main] o.s.w.s.handler.SimpleUrlHandlerMapping  : Mapped URL path [/**] onto handler of type [class org.springframework.web.servlet.resource.ResourceHttpRequestHandler]
2018-10-17 14:36:13.728  INFO 8080 --- [main] o.s.b.a.w.s.WelcomePageHandlerMapping    : Adding welcome page: ServletContext resource [/index.html]
2018-10-17 14:36:13.840  INFO 8080 --- [main] o.s.j.e.a.AnnotationMBeanExporter        : Registering beans for JMX exposure on startup
2018-10-17 14:36:13.890  INFO 8080 --- [main] o.s.b.w.embedded.tomcat.TomcatWebServer  : Tomcat started on port(s): 8081 (http) with context path ''
2018-10-17 14:36:13.896  INFO 8080 --- [main] c.test.springboot.SpringbootApplication  : Started SpringbootApplication in 2.844 seconds (JVM running for 3.711)
2018-10-17 14:37:31.239  INFO 7456 --- [main] c.test.springboot.SpringbootApplication  : Starting SpringbootApplication on DESKTOP-6PU6PJJ with PID 7456 (E:\OneDrive\WorkSpace\IdeaProjects\springboot\target\classes started by liang in E:\OneDrive\WorkSpace\IdeaProjects\springboot)
2018-10-17 14:37:31.243  INFO 7456 --- [main] c.test.springboot.SpringbootApplication  : No active profile set, falling back to default profiles: default
2018-10-17 14:37:31.304  INFO 7456 --- [main] ConfigServletWebServerApplicationContext : Refreshing org.springframework.boot.web.servlet.context.AnnotationConfigServletWebServerApplicationContext@55493582: startup date [Wed Oct 17 14:37:31 CST 2018]; root of context hierarchy
2018-10-17 14:37:32.620  INFO 7456 --- [main] o.s.b.w.embedded.tomcat.TomcatWebServer  : Tomcat initialized with port(s): 8081 (http)
2018-10-17 14:37:32.646  INFO 7456 --- [main] o.apache.catalina.core.StandardService   : Starting service [Tomcat]
2018-10-17 14:37:32.646  INFO 7456 --- [main] org.apache.catalina.core.StandardEngine  : Starting Servlet Engine: Apache Tomcat/8.5.34
2018-10-17 14:37:32.651  INFO 7456 --- [localhost-startStop-1] o.a.catalina.core.AprLifecycleListener   : The APR based Apache Tomcat Native library which allows optimal performance in production environments was not found on the java.library.path: [C:\Program Files\Java\jdk1.8.0_172\bin;C:\WINDOWS\Sun\Java\bin;C:\WINDOWS\system32;C:\WINDOWS;C:\Program Files (x86)\Common Files\Intel\Shared Libraries\redist\intel64\compiler;C:\Program Files (x86)\Windows Resource Kits\Tools\;C:\Program Files (x86)\Common Files\Oracle\Java\javapath;C:\WINDOWS\system32;C:\WINDOWS;C:\WINDOWS\System32\Wbem;C:\WINDOWS\System32\WindowsPowerShell\v1.0\;C:\WINDOWS\System32\OpenSSH\;apache-tomcat-8.5.31\lib;apache-tomcat-8.5.31\bin;D:\Program Files\apache-maven-3.5.3\bin;D:\Program Files\mysql-8.0.11-winx64\bin;C:\Program Files\Java\jdk1.8.0_172\bin;C:\Program Files\Git\cmd;C:\Program Files\7-Zip;C:\Program Files\IDM Computer Solutions\UltraEdit;D:\Program Files\Microsoft VS Code\bin;C:\Program Files\Redis\;C:\Users\liang\AppData\Local\Programs\Python\Python36\Scripts\;C:\Users\liang\AppData\Local\Programs\Python\Python36\;C:\Users\liang\AppData\Local\Microsoft\WindowsApps;;C:\Users\liang\AppData\Local\Programs\Fiddler;.]
2018-10-17 14:37:32.751  INFO 7456 --- [localhost-startStop-1] o.a.c.c.C.[Tomcat].[localhost].[/]       : Initializing Spring embedded WebApplicationContext
2018-10-17 14:37:32.751  INFO 7456 --- [localhost-startStop-1] o.s.web.context.ContextLoader            : Root WebApplicationContext: initialization completed in 1447 ms
2018-10-17 14:37:32.812  INFO 7456 --- [localhost-startStop-1] o.s.b.w.servlet.ServletRegistrationBean  : Servlet dispatcherServlet mapped to [/]
2018-10-17 14:37:32.818  INFO 7456 --- [localhost-startStop-1] o.s.b.w.servlet.FilterRegistrationBean   : Mapping filter: 'characterEncodingFilter' to: [/*]
2018-10-17 14:37:32.818  INFO 7456 --- [localhost-startStop-1] o.s.b.w.servlet.FilterRegistrationBean   : Mapping filter: 'hiddenHttpMethodFilter' to: [/*]
2018-10-17 14:37:32.819  INFO 7456 --- [localhost-startStop-1] o.s.b.w.servlet.FilterRegistrationBean   : Mapping filter: 'httpPutFormContentFilter' to: [/*]
2018-10-17 14:37:32.819  INFO 7456 --- [localhost-startStop-1] o.s.b.w.servlet.FilterRegistrationBean   : Mapping filter: 'requestContextFilter' to: [/*]
2018-10-17 14:37:32.951  INFO 7456 --- [main] o.s.w.s.handler.SimpleUrlHandlerMapping  : Mapped URL path [/**/favicon.ico] onto handler of type [class org.springframework.web.servlet.resource.ResourceHttpRequestHandler]
2018-10-17 14:37:33.148  INFO 7456 --- [main] s.w.s.m.m.a.RequestMappingHandlerAdapter : Looking for @ControllerAdvice: org.springframework.boot.web.servlet.context.AnnotationConfigServletWebServerApplicationContext@55493582: startup date [Wed Oct 17 14:37:31 CST 2018]; root of context hierarchy
2018-10-17 14:37:33.205  INFO 7456 --- [main] s.w.s.m.m.a.RequestMappingHandlerMapping : Mapped "{[/index]}" onto public java.lang.String com.test.springboot.controller.IndexController.index(javax.servlet.http.HttpServletRequest,javax.servlet.http.HttpServletResponse)
2018-10-17 14:37:33.208  INFO 7456 --- [main] s.w.s.m.m.a.RequestMappingHandlerMapping : Mapped "{[/error]}" onto public org.springframework.http.ResponseEntity<java.util.Map<java.lang.String, java.lang.Object>> org.springframework.boot.autoconfigure.web.servlet.error.BasicErrorController.error(javax.servlet.http.HttpServletRequest)
2018-10-17 14:37:33.208  INFO 7456 --- [main] s.w.s.m.m.a.RequestMappingHandlerMapping : Mapped "{[/error],produces=[text/html]}" onto public org.springframework.web.servlet.ModelAndView org.springframework.boot.autoconfigure.web.servlet.error.BasicErrorController.errorHtml(javax.servlet.http.HttpServletRequest,javax.servlet.http.HttpServletResponse)
2018-10-17 14:37:33.233  INFO 7456 --- [main] o.s.w.s.handler.SimpleUrlHandlerMapping  : Mapped URL path [/webjars/**] onto handler of type [class org.springframework.web.servlet.resource.ResourceHttpRequestHandler]
2018-10-17 14:37:33.234  INFO 7456 --- [main] o.s.w.s.handler.SimpleUrlHandlerMapping  : Mapped URL path [/**] onto handler of type [class org.springframework.web.servlet.resource.ResourceHttpRequestHandler]
2018-10-17 14:37:33.337  INFO 7456 --- [main] o.s.b.a.w.s.WelcomePageHandlerMapping    : Adding welcome page: ServletContext resource [/index.html]
2018-10-17 14:37:33.445  INFO 7456 --- [main] o.s.j.e.a.AnnotationMBeanExporter        : Registering beans for JMX exposure on startup
2018-10-17 14:37:33.483  INFO 7456 --- [main] o.s.b.w.embedded.tomcat.TomcatWebServer  : Tomcat started on port(s): 8081 (http) with context path ''
2018-10-17 14:37:33.487  INFO 7456 --- [main] c.test.springboot.SpringbootApplication  : Started SpringbootApplication in 2.815 seconds (JVM running for 3.706)
2018-10-17 14:37:42.392  INFO 16016 --- [main] c.test.springboot.SpringbootApplication  : Starting SpringbootApplication on DESKTOP-6PU6PJJ with PID 16016 (E:\OneDrive\WorkSpace\IdeaProjects\springboot\target\classes started by liang in E:\OneDrive\WorkSpace\IdeaProjects\springboot)
2018-10-17 14:37:42.397  INFO 16016 --- [main] c.test.springboot.SpringbootApplication  : No active profile set, falling back to default profiles: default
2018-10-17 14:37:42.467  INFO 16016 --- [main] ConfigServletWebServerApplicationContext : Refreshing org.springframework.boot.web.servlet.context.AnnotationConfigServletWebServerApplicationContext@3da05287: startup date [Wed Oct 17 14:37:42 CST 2018]; root of context hierarchy
2018-10-17 14:37:43.577  INFO 16016 --- [main] o.s.b.w.embedded.tomcat.TomcatWebServer  : Tomcat initialized with port(s): 8081 (http)
2018-10-17 14:37:43.598  INFO 16016 --- [main] o.apache.catalina.core.StandardService   : Starting service [Tomcat]
2018-10-17 14:37:43.598  INFO 16016 --- [main] org.apache.catalina.core.StandardEngine  : Starting Servlet Engine: Apache Tomcat/8.5.34
2018-10-17 14:37:43.603  INFO 16016 --- [localhost-startStop-1] o.a.catalina.core.AprLifecycleListener   : The APR based Apache Tomcat Native library which allows optimal performance in production environments was not found on the java.library.path: [C:\Program Files\Java\jdk1.8.0_172\bin;C:\WINDOWS\Sun\Java\bin;C:\WINDOWS\system32;C:\WINDOWS;C:\Program Files (x86)\Common Files\Intel\Shared Libraries\redist\intel64\compiler;C:\Program Files (x86)\Windows Resource Kits\Tools\;C:\Program Files (x86)\Common Files\Oracle\Java\javapath;C:\WINDOWS\system32;C:\WINDOWS;C:\WINDOWS\System32\Wbem;C:\WINDOWS\System32\WindowsPowerShell\v1.0\;C:\WINDOWS\System32\OpenSSH\;apache-tomcat-8.5.31\lib;apache-tomcat-8.5.31\bin;D:\Program Files\apache-maven-3.5.3\bin;D:\Program Files\mysql-8.0.11-winx64\bin;C:\Program Files\Java\jdk1.8.0_172\bin;C:\Program Files\Git\cmd;C:\Program Files\7-Zip;C:\Program Files\IDM Computer Solutions\UltraEdit;D:\Program Files\Microsoft VS Code\bin;C:\Program Files\Redis\;C:\Users\liang\AppData\Local\Programs\Python\Python36\Scripts\;C:\Users\liang\AppData\Local\Programs\Python\Python36\;C:\Users\liang\AppData\Local\Microsoft\WindowsApps;;C:\Users\liang\AppData\Local\Programs\Fiddler;.]
2018-10-17 14:37:43.699  INFO 16016 --- [localhost-startStop-1] o.a.c.c.C.[Tomcat].[localhost].[/]       : Initializing Spring embedded WebApplicationContext
2018-10-17 14:37:43.699  INFO 16016 --- [localhost-startStop-1] o.s.web.context.ContextLoader            : Root WebApplicationContext: initialization completed in 1232 ms
2018-10-17 14:37:43.767  INFO 16016 --- [localhost-startStop-1] o.s.b.w.servlet.ServletRegistrationBean  : Servlet dispatcherServlet mapped to [/]
2018-10-17 14:37:43.771  INFO 16016 --- [localhost-startStop-1] o.s.b.w.servlet.FilterRegistrationBean   : Mapping filter: 'characterEncodingFilter' to: [/*]
2018-10-17 14:37:43.772  INFO 16016 --- [localhost-startStop-1] o.s.b.w.servlet.FilterRegistrationBean   : Mapping filter: 'hiddenHttpMethodFilter' to: [/*]
2018-10-17 14:37:43.772  INFO 16016 --- [localhost-startStop-1] o.s.b.w.servlet.FilterRegistrationBean   : Mapping filter: 'httpPutFormContentFilter' to: [/*]
2018-10-17 14:37:43.772  INFO 16016 --- [localhost-startStop-1] o.s.b.w.servlet.FilterRegistrationBean   : Mapping filter: 'requestContextFilter' to: [/*]
2018-10-17 14:37:43.925  INFO 16016 --- [main] o.s.w.s.handler.SimpleUrlHandlerMapping  : Mapped URL path [/**/favicon.ico] onto handler of type [class org.springframework.web.servlet.resource.ResourceHttpRequestHandler]
2018-10-17 14:37:44.112  INFO 16016 --- [main] s.w.s.m.m.a.RequestMappingHandlerAdapter : Looking for @ControllerAdvice: org.springframework.boot.web.servlet.context.AnnotationConfigServletWebServerApplicationContext@3da05287: startup date [Wed Oct 17 14:37:42 CST 2018]; root of context hierarchy
2018-10-17 14:37:44.170  INFO 16016 --- [main] s.w.s.m.m.a.RequestMappingHandlerMapping : Mapped "{[/index]}" onto public java.lang.String com.test.springboot.controller.IndexController.index(javax.servlet.http.HttpServletRequest,javax.servlet.http.HttpServletResponse)
2018-10-17 14:37:44.173  INFO 16016 --- [main] s.w.s.m.m.a.RequestMappingHandlerMapping : Mapped "{[/error]}" onto public org.springframework.http.ResponseEntity<java.util.Map<java.lang.String, java.lang.Object>> org.springframework.boot.autoconfigure.web.servlet.error.BasicErrorController.error(javax.servlet.http.HttpServletRequest)
2018-10-17 14:37:44.174  INFO 16016 --- [main] s.w.s.m.m.a.RequestMappingHandlerMapping : Mapped "{[/error],produces=[text/html]}" onto public org.springframework.web.servlet.ModelAndView org.springframework.boot.autoconfigure.web.servlet.error.BasicErrorController.errorHtml(javax.servlet.http.HttpServletRequest,javax.servlet.http.HttpServletResponse)
2018-10-17 14:37:44.199  INFO 16016 --- [main] o.s.w.s.handler.SimpleUrlHandlerMapping  : Mapped URL path [/webjars/**] onto handler of type [class org.springframework.web.servlet.resource.ResourceHttpRequestHandler]
2018-10-17 14:37:44.199  INFO 16016 --- [main] o.s.w.s.handler.SimpleUrlHandlerMapping  : Mapped URL path [/**] onto handler of type [class org.springframework.web.servlet.resource.ResourceHttpRequestHandler]
2018-10-17 14:37:44.296  INFO 16016 --- [main] o.s.b.a.w.s.WelcomePageHandlerMapping    : Adding welcome page: ServletContext resource [/index.html]
2018-10-17 14:37:44.414  INFO 16016 --- [main] o.s.j.e.a.AnnotationMBeanExporter        : Registering beans for JMX exposure on startup
2018-10-17 14:37:44.454  INFO 16016 --- [main] o.s.b.w.embedded.tomcat.TomcatWebServer  : Tomcat started on port(s): 8081 (http) with context path ''
2018-10-17 14:37:44.459  INFO 16016 --- [main] c.test.springboot.SpringbootApplication  : Started SpringbootApplication in 2.629 seconds (JVM running for 3.508)
2018-10-17 14:37:48.211  INFO 16016 --- [http-nio-8081-exec-1] o.a.c.c.C.[Tomcat].[localhost].[/]       : Initializing Spring FrameworkServlet 'dispatcherServlet'
2018-10-17 14:37:48.211  INFO 16016 --- [http-nio-8081-exec-1] o.s.web.servlet.DispatcherServlet        : FrameworkServlet 'dispatcherServlet': initialization started
2018-10-17 14:37:48.228  INFO 16016 --- [http-nio-8081-exec-1] o.s.web.servlet.DispatcherServlet        : FrameworkServlet 'dispatcherServlet': initialization completed in 17 ms
